[20:34:47] [main/WARN]: Ambiguity between arguments [teleport, destination] and [teleport, targets] with inputs: [Player, 0123, @e, dd12be42-52a9-4a91-a8a1-11c01849e498]
[20:34:47] [main/WARN]: Ambiguity between arguments [teleport, location] and [teleport, destination] with inputs: [0.1 -0.5 .9, 0 0 0]
[20:34:47] [main/WARN]: Ambiguity between arguments [teleport, location] and [teleport, targets] with inputs: [0.1 -0.5 .9, 0 0 0]
[20:34:47] [main/WARN]: Ambiguity between arguments [teleport, targets] and [teleport, destination] with inputs: [Player, 0123, dd12be42-52a9-4a91-a8a1-11c01849e498]
[20:34:47] [main/WARN]: Ambiguity between arguments [teleport, targets, location] and [teleport, targets, destination] with inputs: [0.1 -0.5 .9, 0 0 0]
[20:34:47] [Server thread/INFO]: Starting minecraft server version 1.15.2
[20:34:47] [Server thread/INFO]: Loading properties
[20:34:47] [Server thread/INFO]: Default game type: SURVIVAL
[20:34:47] [Server thread/INFO]: Generating keypair
[20:34:48] [Server thread/INFO]: Starting Minecraft server on *:25565
[20:34:48] [Server thread/INFO]: Using epoll channel type
[20:34:48] [Server thread/WARN]: **** SERVER IS RUNNING IN OFFLINE/INSECURE MODE!
[20:34:48] [Server thread/WARN]: The server will make no attempt to authenticate usernames. Beware.
[20:34:48] [Server thread/WARN]: While this makes the game possible to play without internet access, it also opens up the ability for hackers to connect with any username they choose.
[20:34:48] [Server thread/WARN]: To change this, set "online-mode" to "true" in the server.properties file.
[20:34:48] [Server thread/INFO]: Preparing level "world"
[20:34:48] [Server thread/INFO]: Reloading ResourceManager: Default
[20:34:59] [Server thread/INFO]: Loaded 6 recipes
[20:34:59] [Server thread/INFO]: Loaded 825 advancements
[20:34:59] [Server thread/INFO]: Preparing start region for dimension minecraft:overworld
[20:35:00] [Server thread/INFO]: Preparing spawn area: 0%
[20:35:00] [Server thread/INFO]: Preparing spawn area: 0%
[20:35:00] [Server thread/INFO]: Preparing spawn area: 0%
[20:35:00] [Server thread/INFO]: Preparing spawn area: 52%
[20:35:01] [Server thread/INFO]: Time elapsed: 1659 ms
[20:35:01] [Server thread/INFO]: Done (12.311s)! For help, type "help"
[20:35:12] [Server thread/INFO]: OerllydSaethwr[/127.0.0.1:57098] logged in with entity id 90 at (232.5, 66.0, -166.5)
[20:35:12] [Server thread/INFO]: OerllydSaethwr joined the game
[20:35:28] [Server thread/INFO]: Made OerllydSaethwr a server operator
[20:35:33] [Server thread/INFO]: [OerllydSaethwr: Set own game mode to Creative Mode]
[20:35:44] [Server thread/INFO]: [OerllydSaethwr: Set own game mode to Spectator Mode]
[20:36:42] [Server thread/INFO]: [OerllydSaethwr: Set own game mode to Creative Mode]
[20:36:44] [Server thread/INFO]: OerllydSaethwr has made the advancement [We Need to Go Deeper]
[20:37:06] [Server thread/INFO]: OerllydSaethwr has made the advancement [Eye Spy]
[20:37:09] [Server thread/INFO]: OerllydSaethwr has made the advancement [The End?]
[20:37:09] [Server thread/WARN]: OerllydSaethwr moved too quickly! 1128.622732865605,14.233632006042477,1868.5022610822064
[20:37:09] [Server thread/WARN]: OerllydSaethwr moved too quickly! 1128.622732865605,14.233632006042477,1868.5022610822064
[20:37:10] [Server thread/INFO]: Scanning for legacy world dragon fight...
[20:37:10] [Server thread/INFO]: Found that the dragon has been killed in this world already.
[20:37:17] [Server thread/INFO]: OerllydSaethwr lost connection: Disconnected
[20:37:17] [Server thread/INFO]: OerllydSaethwr left the game
[20:38:55] [Server thread/INFO]: Stopping the server
[20:38:55] [Server thread/INFO]: Stopping server
[20:38:55] [Server thread/INFO]: Saving players
[20:38:55] [Server thread/INFO]: Saving worlds
[20:38:55] [Server thread/INFO]: Saving chunks for level 'world'/minecraft:the_end
[20:38:55] [Server thread/INFO]: ThreadedAnvilChunkStorage (DIM1): All chunks are saved
[20:38:55] [Server thread/INFO]: Saving chunks for level 'world'/minecraft:overworld
[20:38:57] [Server thread/INFO]: ThreadedAnvilChunkStorage (world): All chunks are saved
[20:38:57] [Server thread/INFO]: Saving chunks for level 'world'/minecraft:the_nether
[20:38:57] [Server thread/INFO]: ThreadedAnvilChunkStorage (DIM-1): All chunks are saved
[20:38:57] [Server thread/INFO]: ThreadedAnvilChunkStorage (DIM1): All chunks are saved
[20:38:57] [Server thread/INFO]: ThreadedAnvilChunkStorage (world): All chunks are saved
[20:38:57] [Server thread/INFO]: ThreadedAnvilChunkStorage (DIM-1): All chunks are saved
